C:\FUENTES\3D_TRAINING_MXL\TASK12\NEWTRAININGFRAMEWORK\UTILITIES\DEBUG\UTILITIES.PCH
C:\FUENTES\3D_TRAINING_MXL\TASK12\NEWTRAININGFRAMEWORK\UTILITIES\DEBUG\STDAFX.OBJ
C:\FUENTES\3D_TRAINING_MXL\TASK12\NEWTRAININGFRAMEWORK\UTILITIES\DEBUG\VC110.PDB
C:\FUENTES\3D_TRAINING_MXL\TASK12\NEWTRAININGFRAMEWORK\UTILITIES\DEBUG\ESSHADER.OBJ
C:\FUENTES\3D_TRAINING_MXL\TASK12\NEWTRAININGFRAMEWORK\UTILITIES\DEBUG\ESUTIL.OBJ
C:\FUENTES\3D_TRAINING_MXL\TASK12\NEWTRAININGFRAMEWORK\UTILITIES\DEBUG\ESUTIL_WIN.OBJ
C:\FUENTES\3D_TRAINING_MXL\TASK12\NEWTRAININGFRAMEWORK\UTILITIES\DEBUG\MATH.OBJ
C:\FUENTES\3D_TRAINING_MXL\TASK12\NEWTRAININGFRAMEWORK\UTILITIES\DEBUG\MEMORYMANAGER.OBJ
C:\FUENTES\3D_TRAINING_MXL\TASK12\NEWTRAININGFRAMEWORK\UTILITIES\DEBUG\MEMORYOPERATORS.OBJ
C:\FUENTES\3D_TRAINING_MXL\TASK12\NEWTRAININGFRAMEWORK\UTILITIES\DEBUG\TGA.OBJ
C:\FUENTES\3D_TRAINING_MXL\TASK12\NEWTRAININGFRAMEWORK\DEBUG\UTILITIES.LIB
C:\Fuentes\3D_Training_MXL\Task12\NewTrainingFramework\Utilities\Debug\esShader.obj
C:\Fuentes\3D_Training_MXL\Task12\NewTrainingFramework\Utilities\Debug\esUtil.obj
C:\Fuentes\3D_Training_MXL\Task12\NewTrainingFramework\Utilities\Debug\esUtil_win.obj
C:\Fuentes\3D_Training_MXL\Task12\NewTrainingFramework\Utilities\Debug\Math.obj
C:\Fuentes\3D_Training_MXL\Task12\NewTrainingFramework\Utilities\Debug\MemoryManager.obj
C:\Fuentes\3D_Training_MXL\Task12\NewTrainingFramework\Utilities\Debug\MemoryOperators.obj
C:\Fuentes\3D_Training_MXL\Task12\NewTrainingFramework\Utilities\Debug\stdafx.obj
C:\Fuentes\3D_Training_MXL\Task12\NewTrainingFramework\Utilities\Debug\TGA.obj
C:\Fuentes\3D_Training_MXL\Task12\NewTrainingFramework\Utilities\Debug\cl.command.1.tlog
C:\Fuentes\3D_Training_MXL\Task12\NewTrainingFramework\Utilities\Debug\CL.read.1.tlog
C:\Fuentes\3D_Training_MXL\Task12\NewTrainingFramework\Utilities\Debug\CL.write.1.tlog
C:\Fuentes\3D_Training_MXL\Task12\NewTrainingFramework\Utilities\Debug\Lib-link.read.1.tlog
C:\Fuentes\3D_Training_MXL\Task12\NewTrainingFramework\Utilities\Debug\Lib-link.write.1.tlog
C:\Fuentes\3D_Training_MXL\Task12\NewTrainingFramework\Utilities\Debug\lib.command.1.tlog
C:\Fuentes\3D_Training_MXL\Task12\NewTrainingFramework\Utilities\Debug\Utilities.pch
C:\Fuentes\3D_Training_MXL\Task12\NewTrainingFramework\Utilities\Debug\vc110.idb
C:\Fuentes\3D_Training_MXL\Task12\NewTrainingFramework\Utilities\Debug\vc110.pdb
C:\Fuentes\3D_Training_MXL\Task12\NewTrainingFramework\Debug\Utilities.lib
