Build started 5/25/2014 11:33:22 PM.
     1>Project "C:\Fuentes\3D_Training_MXL\Task12\NewTrainingFramework\Utilities\Utilities.vcxproj" on node 2 (Rebuild target(s)).
     1>ClCompile:
         C:\Program Files (x86)\Microsoft Visual Studio 11.0\VC\bin\CL.exe /c /IC:\Fuentes\3D_Training_MXL\Task12\NewTrainingFramework\\Include /ZI /nologo /W3 /WX- /Od /Oy- /D WIN32 /D _DEBUG /D _LIB /D _MBCS /Gm /EHsc /RTC1 /MDd /GS /fp:precise /Zc:wchar_t /Zc:forScope /Yc"stdafx.h" /Fp"Debug\Utilities.pch" /Fo"Debug\\" /Fd"Debug\vc110.pdb" /Gd /TP /analyze- /errorReport:prompt stdafx.cpp
         stdafx.cpp
         C:\Program Files (x86)\Microsoft Visual Studio 11.0\VC\bin\CL.exe /c /IC:\Fuentes\3D_Training_MXL\Task12\NewTrainingFramework\\Include /ZI /nologo /W3 /WX- /Od /Oy- /D WIN32 /D _DEBUG /D _LIB /D _MBCS /Gm /EHsc /RTC1 /MDd /GS /fp:precise /Zc:wchar_t /Zc:forScope /Yu"stdafx.h" /Fp"Debug\Utilities.pch" /Fo"Debug\\" /Fd"Debug\vc110.pdb" /Gd /TP /analyze- /errorReport:prompt esShader.cpp esUtil.cpp esUtil_win.cpp Math.cpp MemoryManager.cpp MemoryOperators.cpp TGA.cpp
         TGA.cpp
         MemoryOperators.cpp
         MemoryManager.cpp
         Math.cpp
         esUtil_win.cpp
         esUtil.cpp
         esShader.cpp
         Generando código...
       Lib:
         C:\Program Files (x86)\Microsoft Visual Studio 11.0\VC\bin\Lib.exe /OUT:"C:\Fuentes\3D_Training_MXL\Task12\NewTrainingFramework\Debug\Utilities.lib" /NOLOGO Debug\esShader.obj
         Debug\esUtil.obj
         Debug\esUtil_win.obj
         Debug\Math.obj
         Debug\MemoryManager.obj
         Debug\MemoryOperators.obj
         Debug\stdafx.obj
         Debug\TGA.obj
         Utilities.vcxproj -> C:\Fuentes\3D_Training_MXL\Task12\NewTrainingFramework\Debug\Utilities.lib
     1>Done Building Project "C:\Fuentes\3D_Training_MXL\Task12\NewTrainingFramework\Utilities\Utilities.vcxproj" (Rebuild target(s)).

Build succeeded.

Time Elapsed 00:00:01.91
