C:\FUENTES\3D_TRAINING_MXL\TASK12\NEWTRAININGFRAMEWORK\NEWTRAININGFRAMEWORK\DEBUG\NEWTRAININGFRAMEWORK.PCH
C:\FUENTES\3D_TRAINING_MXL\TASK12\NEWTRAININGFRAMEWORK\NEWTRAININGFRAMEWORK\DEBUG\STDAFX.OBJ
C:\FUENTES\3D_TRAINING_MXL\TASK12\NEWTRAININGFRAMEWORK\NEWTRAININGFRAMEWORK\DEBUG\VC110.PDB
C:\FUENTES\3D_TRAINING_MXL\TASK12\NEWTRAININGFRAMEWORK\NEWTRAININGFRAMEWORK\DEBUG\CAMERA.OBJ
C:\FUENTES\3D_TRAINING_MXL\TASK12\NEWTRAININGFRAMEWORK\NEWTRAININGFRAMEWORK\DEBUG\FOG.OBJ
C:\FUENTES\3D_TRAINING_MXL\TASK12\NEWTRAININGFRAMEWORK\NEWTRAININGFRAMEWORK\DEBUG\KEYBOARDHANDLER.OBJ
C:\FUENTES\3D_TRAINING_MXL\TASK12\NEWTRAININGFRAMEWORK\NEWTRAININGFRAMEWORK\DEBUG\LOG.OBJ
C:\FUENTES\3D_TRAINING_MXL\TASK12\NEWTRAININGFRAMEWORK\NEWTRAININGFRAMEWORK\DEBUG\MODEL.OBJ
C:\FUENTES\3D_TRAINING_MXL\TASK12\NEWTRAININGFRAMEWORK\NEWTRAININGFRAMEWORK\DEBUG\NEWTRAININGFRAMEWORK.OBJ
C:\FUENTES\3D_TRAINING_MXL\TASK12\NEWTRAININGFRAMEWORK\NEWTRAININGFRAMEWORK\DEBUG\OBJECT.OBJ
C:\FUENTES\3D_TRAINING_MXL\TASK12\NEWTRAININGFRAMEWORK\NEWTRAININGFRAMEWORK\DEBUG\RESOURCEMANAGER.OBJ
C:\FUENTES\3D_TRAINING_MXL\TASK12\NEWTRAININGFRAMEWORK\NEWTRAININGFRAMEWORK\DEBUG\SCENEMANAGER.OBJ
C:\FUENTES\3D_TRAINING_MXL\TASK12\NEWTRAININGFRAMEWORK\NEWTRAININGFRAMEWORK\DEBUG\SHADERS.OBJ
C:\FUENTES\3D_TRAINING_MXL\TASK12\NEWTRAININGFRAMEWORK\NEWTRAININGFRAMEWORK\DEBUG\TEXTURE.OBJ
C:\FUENTES\3D_TRAINING_MXL\TASK12\NEWTRAININGFRAMEWORK\BIN\NEWTRAININGFRAMEWORK.ILK
C:\FUENTES\3D_TRAINING_MXL\TASK12\NEWTRAININGFRAMEWORK\BIN\NEWTRAININGFRAMEWORK.EXE
C:\FUENTES\3D_TRAINING_MXL\TASK12\NEWTRAININGFRAMEWORK\BIN\NEWTRAININGFRAMEWORK.PDB
C:\Fuentes\3D_Training_MXL\Task12\NewTrainingFramework\NewTrainingFramework\Debug\Camera.obj
C:\Fuentes\3D_Training_MXL\Task12\NewTrainingFramework\NewTrainingFramework\Debug\Fog.obj
C:\Fuentes\3D_Training_MXL\Task12\NewTrainingFramework\NewTrainingFramework\Debug\KeyboardHandler.obj
C:\Fuentes\3D_Training_MXL\Task12\NewTrainingFramework\NewTrainingFramework\Debug\Log.obj
C:\Fuentes\3D_Training_MXL\Task12\NewTrainingFramework\NewTrainingFramework\Debug\Model.obj
C:\Fuentes\3D_Training_MXL\Task12\NewTrainingFramework\NewTrainingFramework\Debug\NewTrainingFramework.obj
C:\Fuentes\3D_Training_MXL\Task12\NewTrainingFramework\NewTrainingFramework\Debug\Object.obj
C:\Fuentes\3D_Training_MXL\Task12\NewTrainingFramework\NewTrainingFramework\Debug\ResourceManager.obj
C:\Fuentes\3D_Training_MXL\Task12\NewTrainingFramework\NewTrainingFramework\Debug\SceneManager.obj
C:\Fuentes\3D_Training_MXL\Task12\NewTrainingFramework\NewTrainingFramework\Debug\Shaders.obj
C:\Fuentes\3D_Training_MXL\Task12\NewTrainingFramework\NewTrainingFramework\Debug\stdafx.obj
C:\Fuentes\3D_Training_MXL\Task12\NewTrainingFramework\NewTrainingFramework\Debug\Texture.obj
C:\Fuentes\3D_Training_MXL\Task12\NewTrainingFramework\NewTrainingFramework\Debug\cl.command.1.tlog
C:\Fuentes\3D_Training_MXL\Task12\NewTrainingFramework\NewTrainingFramework\Debug\CL.read.1.tlog
C:\Fuentes\3D_Training_MXL\Task12\NewTrainingFramework\NewTrainingFramework\Debug\CL.write.1.tlog
C:\Fuentes\3D_Training_MXL\Task12\NewTrainingFramework\NewTrainingFramework\Debug\link-cvtres.read.1.tlog
C:\Fuentes\3D_Training_MXL\Task12\NewTrainingFramework\NewTrainingFramework\Debug\link-cvtres.write.1.tlog
C:\Fuentes\3D_Training_MXL\Task12\NewTrainingFramework\NewTrainingFramework\Debug\link-rc.read.1.tlog
C:\Fuentes\3D_Training_MXL\Task12\NewTrainingFramework\NewTrainingFramework\Debug\link-rc.write.1.tlog
C:\Fuentes\3D_Training_MXL\Task12\NewTrainingFramework\NewTrainingFramework\Debug\link.command.1.tlog
C:\Fuentes\3D_Training_MXL\Task12\NewTrainingFramework\NewTrainingFramework\Debug\link.read.1.tlog
C:\Fuentes\3D_Training_MXL\Task12\NewTrainingFramework\NewTrainingFramework\Debug\link.write.1.tlog
C:\Fuentes\3D_Training_MXL\Task12\NewTrainingFramework\NewTrainingFramework\Debug\NewTrainingFramework.pch
C:\Fuentes\3D_Training_MXL\Task12\NewTrainingFramework\NewTrainingFramework\Debug\vc110.idb
C:\Fuentes\3D_Training_MXL\Task12\NewTrainingFramework\NewTrainingFramework\Debug\vc110.pdb
C:\Fuentes\3D_Training_MXL\Task12\NewTrainingFramework\\BIN\NewTrainingFramework.pdb
C:\Fuentes\3D_Training_MXL\Task12\NewTrainingFramework\\BIN\NewTrainingFramework.exe
C:\Fuentes\3D_Training_MXL\Task12\NewTrainingFramework\\BIN\NewTrainingFramework.ilk
